# JRE version: Java(TM) SE Runtime Environment (8.0_25-b18) (build 1.8.0_25-b18)
# Java VM: Java HotSpot(TM) 64-Bit Server VM (25.25-b02 mixed mode windows-amd64 compressed oops)
Heap:
 PSYoungGen      total 54784K, used 14013K [0x00000007bc400000, 0x00000007c0000000, 0x00000007c0000000)
  eden space 48128K, 25% used [0x00000007bc400000,0x00000007bd005140,0x00000007bf300000)
  from space 6656K, 25% used [0x00000007bf300000,0x00000007bf4aa638,0x00000007bf980000)
  to   space 6656K, 0% used [0x00000007bf980000,0x00000007bf980000,0x00000007c0000000)
 ParOldGen       total 164864K, used 49654K [0x0000000700000000, 0x000000070a100000, 0x00000007bc400000)
  object space 164864K, 30% used [0x0000000700000000,0x000000070307db90,0x000000070a100000)
 Metaspace       used 56605K, capacity 56995K, committed 57768K, reserved 1099776K
  class space    used 7872K, capacity 7978K, committed 8104K, reserved 1048576K
GC Heap History (10 events):
Event: 2253.123 GC heap before
{Heap before GC invocations=136 (full 7):
 PSYoungGen      total 54272K, used 48617K [0x00000007bc400000, 0x00000007c0000000, 0x00000007c0000000)
  eden space 47104K, 100% used [0x00000007bc400000,0x00000007bf200000,0x00000007bf200000)
  from space 7168K, 21% used [0x00000007bf900000,0x00000007bfa7a790,0x00000007c0000000)
  to   space 7168K, 0% used [0x00000007bf200000,0x00000007bf200000,0x00000007bf900000)
 ParOldGen       total 164864K, used 49646K [0x0000000700000000, 0x000000070a100000, 0x00000007bc400000)
  object space 164864K, 30% used [0x0000000700000000,0x000000070307bb90,0x000000070a100000)
 Metaspace       used 56564K, capacity 56931K, committed 57512K, reserved 1099776K
  class space    used 7872K, capacity 7978K, committed 8104K, reserved 1048576K
Event: 2253.133 GC heap after
Heap after GC invocations=136 (full 7):
 PSYoungGen      total 54272K, used 1577K [0x00000007bc400000, 0x00000007c0000000, 0x00000007c0000000)
  eden space 47104K, 0% used [0x00000007bc400000,0x00000007bc400000,0x00000007bf200000)
  from space 7168K, 22% used [0x00000007bf200000,0x00000007bf38a638,0x00000007bf900000)
  to   space 7168K, 0% used [0x00000007bf900000,0x00000007bf900000,0x00000007c0000000)
 ParOldGen       total 164864K, used 49654K [0x0000000700000000, 0x000000070a100000, 0x00000007bc400000)
  object space 164864K, 30% used [0x0000000700000000,0x000000070307db90,0x000000070a100000)
 Metaspace       used 56564K, capacity 56931K, committed 57512K, reserved 1099776K
  class space    used 7872K, capacity 7978K, committed 8104K, reserved 1048576K
}
Event: 2287.734 GC heap before
{Heap before GC invocations=137 (full 7):
 PSYoungGen      total 54272K, used 48681K [0x00000007bc400000, 0x00000007c0000000, 0x00000007c0000000)
  eden space 47104K, 100% used [0x00000007bc400000,0x00000007bf200000,0x00000007bf200000)
  from space 7168K, 22% used [0x00000007bf200000,0x00000007bf38a638,0x00000007bf900000)
  to   space 7168K, 0% used [0x00000007bf900000,0x00000007bf900000,0x00000007c0000000)
 ParOldGen       total 164864K, used 49654K [0x0000000700000000, 0x000000070a100000, 0x00000007bc400000)
  object space 164864K, 30% used [0x0000000700000000,0x000000070307db90,0x000000070a100000)
 Metaspace       used 56572K, capacity 56931K, committed 57512K, reserved 1099776K
  class space    used 7872K, capacity 7978K, committed 8104K, reserved 1048576K
Event: 2287.737 GC heap after
Heap after GC invocations=137 (full 7):
 PSYoungGen      total 54272K, used 1609K [0x00000007bc400000, 0x00000007c0000000, 0x00000007c0000000)
  eden space 47104K, 0% used [0x00000007bc400000,0x00000007bc400000,0x00000007bf200000)
  from space 7168K, 22% used [0x00000007bf900000,0x00000007bfa92638,0x00000007c0000000)
  to   space 7168K, 0% used [0x00000007bf200000,0x00000007bf200000,0x00000007bf900000)
 ParOldGen       total 164864K, used 49654K [0x0000000700000000, 0x000000070a100000, 0x00000007bc400000)
  object space 164864K, 30% used [0x0000000700000000,0x000000070307db90,0x000000070a100000)
 Metaspace       used 56572K, capacity 56931K, committed 57512K, reserved 1099776K
  class space    used 7872K, capacity 7978K, committed 8104K, reserved 1048576K
}
Event: 2296.477 GC heap before
{Heap before GC invocations=138 (full 7):
 PSYoungGen      total 54272K, used 48713K [0x00000007bc400000, 0x00000007c0000000, 0x00000007c0000000)
  eden space 47104K, 100% used [0x00000007bc400000,0x00000007bf200000,0x00000007bf200000)
  from space 7168K, 22% used [0x00000007bf900000,0x00000007bfa92638,0x00000007c0000000)
  to   space 7168K, 0% used [0x00000007bf200000,0x00000007bf200000,0x00000007bf900000)
 ParOldGen       total 164864K, used 49654K [0x0000000700000000, 0x000000070a100000, 0x00000007bc400000)
  object space 164864K, 30% used [0x0000000700000000,0x000000070307db90,0x000000070a100000)
 Metaspace       used 56581K, capacity 56995K, committed 57768K, reserved 1099776K
  class space    used 7872K, capacity 7978K, committed 8104K, reserved 1048576K
Event: 2296.487 GC heap after
Heap after GC invocations=138 (full 7):
 PSYoungGen      total 54272K, used 1377K [0x00000007bc400000, 0x00000007c0000000, 0x00000007c0000000)
  eden space 47104K, 0% used [0x00000007bc400000,0x00000007bc400000,0x00000007bf200000)
  from space 7168K, 19% used [0x00000007bf200000,0x00000007bf3585b0,0x00000007bf900000)
  to   space 6656K, 0% used [0x00000007bf980000,0x00000007bf980000,0x00000007c0000000)
 ParOldGen       total 164864K, used 49654K [0x0000000700000000, 0x000000070a100000, 0x00000007bc400000)
  object space 164864K, 30% used [0x0000000700000000,0x000000070307db90,0x000000070a100000)
 Metaspace       used 56581K, capacity 56995K, committed 57768K, reserved 1099776K
  class space    used 7872K, capacity 7978K, committed 8104K, reserved 1048576K
}
Event: 2296.832 GC heap before
{Heap before GC invocations=139 (full 7):
 PSYoungGen      total 54272K, used 48481K [0x00000007bc400000, 0x00000007c0000000, 0x00000007c0000000)
  eden space 47104K, 100% used [0x00000007bc400000,0x00000007bf200000,0x00000007bf200000)
  from space 7168K, 19% used [0x00000007bf200000,0x00000007bf3585b0,0x00000007bf900000)
  to   space 6656K, 0% used [0x00000007bf980000,0x00000007bf980000,0x00000007c0000000)
 ParOldGen       total 164864K, used 49654K [0x0000000700000000, 0x000000070a100000, 0x00000007bc400000)
  object space 164864K, 30% used [0x0000000700000000,0x000000070307db90,0x000000070a100000)
 Metaspace       used 56581K, capacity 56995K, committed 57768K, reserved 1099776K
  class space    used 7872K, capacity 7978K, committed 8104K, reserved 1048576K
Event: 2296.836 GC heap after
Heap after GC invocations=139 (full 7):
 PSYoungGen      total 54784K, used 1441K [0x00000007bc400000, 0x00000007c0000000, 0x00000007c0000000)
  eden space 48128K, 0% used [0x00000007bc400000,0x00000007bc400000,0x00000007bf300000)
  from space 6656K, 21% used [0x00000007bf980000,0x00000007bfae85b0,0x00000007c0000000)
  to   space 6656K, 0% used [0x00000007bf300000,0x00000007bf300000,0x00000007bf980000)
 ParOldGen       total 164864K, used 49654K [0x0000000700000000, 0x000000070a100000, 0x00000007bc400000)
  object space 164864K, 30% used [0x0000000700000000,0x000000070307db90,0x000000070a100000)
 Metaspace       used 56581K, capacity 56995K, committed 57768K, reserved 1099776K
  class space    used 7872K, capacity 7978K, committed 8104K, reserved 1048576K
}
Event: 2298.639 GC heap before
{Heap before GC invocations=140 (full 7):
 PSYoungGen      total 54784K, used 49569K [0x00000007bc400000, 0x00000007c0000000, 0x00000007c0000000)
  eden space 48128K, 100% used [0x00000007bc400000,0x00000007bf300000,0x00000007bf300000)
  from space 6656K, 21% used [0x00000007bf980000,0x00000007bfae85b0,0x00000007c0000000)
  to   space 6656K, 0% used [0x00000007bf300000,0x00000007bf300000,0x00000007bf980000)
 ParOldGen       total 164864K, used 49654K [0x0000000700000000, 0x000000070a100000, 0x00000007bc400000)
  object space 164864K, 30% used [0x0000000700000000,0x000000070307db90,0x000000070a100000)
 Metaspace       used 56595K, capacity 56995K, committed 57768K, reserved 1099776K
  class space    used 7872K, capacity 7978K, committed 8104K, reserved 1048576K
Event: 2298.643 GC heap after
Heap after GC invocations=140 (full 7):
 PSYoungGen      total 54784K, used 1705K [0x00000007bc400000, 0x00000007c0000000, 0x00000007c0000000)
  eden space 48128K, 0% used [0x00000007bc400000,0x00000007bc400000,0x00000007bf300000)
  from space 6656K, 25% used [0x00000007bf300000,0x00000007bf4aa638,0x00000007bf980000)
  to   space 6656K, 0% used [0x00000007bf980000,0x00000007bf980000,0x00000007c0000000)
 ParOldGen       total 164864K, used 49654K [0x0000000700000000, 0x000000070a100000, 0x00000007bc400000)
  object space 164864K, 30% used [0x0000000700000000,0x000000070307db90,0x000000070a100000)
 Metaspace       used 56595K, capacity 56995K, committed 57768K, reserved 1099776K
  class space    used 7872K, capacity 7978K, committed 8104K, reserved 1048576K
}

